# JRE version: OpenJDK Runtime Environment GraalVM CE 22.3.0 (17.0.5+8) (build 17.0.5+8-jvmci-22.3-b08)
# Java VM: OpenJDK 64-Bit Server VM GraalVM CE 22.3.0 (17.0.5+8-jvmci-22.3-b08, mixed mode, sharing, tiered, jvmci, jvmci compiler, compressed oops, compressed class ptrs, parallel gc, linux-amd64)
GC Precious Log:
 CPUs: 8 total, 1 available
 Memory: 1024M
 Large Page Support: Disabled
 NUMA Support: Disabled
 Compressed Oops: Enabled (32-bit)
 Alignments: Space 512K, Generation 512K, Heap 2M
 Heap Min Capacity: 100M
 Heap Initial Capacity: 100M
 Heap Max Capacity: 512M
 Pre-touch: Disabled
 Parallel Workers: 1
Heap:
 PSYoungGen      total 43520K, used 31743K [0x00000000f5580000, 0x00000000f8d80000, 0x0000000100000000)
  eden space 31744K, 99% used [0x00000000f5580000,0x00000000f747fff8,0x00000000f7480000)
  from space 11776K, 0% used [0x00000000f7480000,0x00000000f7480000,0x00000000f8000000)
  to   space 11776K, 0% used [0x00000000f8000000,0x00000000f8000000,0x00000000f8b80000)
 ParOldGen       total 349696K, used 349696K [0x00000000e0000000, 0x00000000f5580000, 0x00000000f5580000)
  object space 349696K, 100% used [0x00000000e0000000,0x00000000f5580000,0x00000000f5580000)
 Metaspace       used 56428K, committed 57216K, reserved 1105920K
  class space    used 5507K, committed 5824K, reserved 1048576K
GC Heap History (20 events):
Event: 2028.500 GC heap before
{Heap before GC invocations=842 (full 730):
 PSYoungGen      total 43520K, used 31744K [0x00000000f5580000, 0x00000000f8d80000, 0x0000000100000000)
  eden space 31744K, 100% used [0x00000000f5580000,0x00000000f7480000,0x00000000f7480000)
  from space 11776K, 0% used [0x00000000f7480000,0x00000000f7480000,0x00000000f8000000)
  to   space 11776K, 0% used [0x00000000f8000000,0x00000000f8000000,0x00000000f8b80000)
 ParOldGen       total 349696K, used 349695K [0x00000000e0000000, 0x00000000f5580000, 0x00000000f5580000)
  object space 349696K, 99% used [0x00000000e0000000,0x00000000f557fd30,0x00000000f5580000)
 Metaspace       used 56428K, committed 57216K, reserved 1105920K
  class space    used 5507K, committed 5824K, reserved 1048576K
}
Event: 2031.135 GC heap after
{Heap after GC invocations=842 (full 730):
 PSYoungGen      total 43520K, used 31743K [0x00000000f5580000, 0x00000000f8d80000, 0x0000000100000000)
  eden space 31744K, 99% used [0x00000000f5580000,0x00000000f747fff0,0x00000000f7480000)
  from space 11776K, 0% used [0x00000000f8000000,0x00000000f8000000,0x00000000f8b80000)
  to   space 11776K, 0% used [0x00000000f7480000,0x00000000f7480000,0x00000000f8000000)
 ParOldGen       total 349696K, used 349695K [0x00000000e0000000, 0x00000000f5580000, 0x00000000f5580000)
  object space 349696K, 99% used [0x00000000e0000000,0x00000000f557fd30,0x00000000f5580000)
 Metaspace       used 56428K, committed 57216K, reserved 1105920K
  class space    used 5507K, committed 5824K, reserved 1048576K
}
Event: 2031.135 GC heap before
{Heap before GC invocations=843 (full 731):
 PSYoungGen      total 43520K, used 31744K [0x00000000f5580000, 0x00000000f8d80000, 0x0000000100000000)
  eden space 31744K, 100% used [0x00000000f5580000,0x00000000f7480000,0x00000000f7480000)
  from space 11776K, 0% used [0x00000000f8000000,0x00000000f8000000,0x00000000f8b80000)
  to   space 11776K, 0% used [0x00000000f7480000,0x00000000f7480000,0x00000000f8000000)
 ParOldGen       total 349696K, used 349695K [0x00000000e0000000, 0x00000000f5580000, 0x00000000f5580000)
  object space 349696K, 99% used [0x00000000e0000000,0x00000000f557fd30,0x00000000f5580000)
 Metaspace       used 56428K, committed 57216K, reserved 1105920K
  class space    used 5507K, committed 5824K, reserved 1048576K
}
Event: 2033.631 GC heap after
{Heap after GC invocations=843 (full 731):
 PSYoungGen      total 43520K, used 31743K [0x00000000f5580000, 0x00000000f8d80000, 0x0000000100000000)
  eden space 31744K, 99% used [0x00000000f5580000,0x00000000f747fff0,0x00000000f7480000)
  from space 11776K, 0% used [0x00000000f7480000,0x00000000f7480000,0x00000000f8000000)
  to   space 11776K, 0% used [0x00000000f8000000,0x00000000f8000000,0x00000000f8b80000)
 ParOldGen       total 349696K, used 349695K [0x00000000e0000000, 0x00000000f5580000, 0x00000000f5580000)
  object space 349696K, 99% used [0x00000000e0000000,0x00000000f557fd30,0x00000000f5580000)
 Metaspace       used 56428K, committed 57216K, reserved 1105920K
  class space    used 5507K, committed 5824K, reserved 1048576K
}
Event: 2033.631 GC heap before
{Heap before GC invocations=844 (full 732):
 PSYoungGen      total 43520K, used 31744K [0x00000000f5580000, 0x00000000f8d80000, 0x0000000100000000)
  eden space 31744K, 100% used [0x00000000f5580000,0x00000000f7480000,0x00000000f7480000)
  from space 11776K, 0% used [0x00000000f7480000,0x00000000f7480000,0x00000000f8000000)
  to   space 11776K, 0% used [0x00000000f8000000,0x00000000f8000000,0x00000000f8b80000)
 ParOldGen       total 349696K, used 349695K [0x00000000e0000000, 0x00000000f5580000, 0x00000000f5580000)
  object space 349696K, 99% used [0x00000000e0000000,0x00000000f557fd30,0x00000000f5580000)
 Metaspace       used 56428K, committed 57216K, reserved 1105920K
  class space    used 5507K, committed 5824K, reserved 1048576K
}
Event: 2036.023 GC heap after
{Heap after GC invocations=844 (full 732):
 PSYoungGen      total 43520K, used 31743K [0x00000000f5580000, 0x00000000f8d80000, 0x0000000100000000)
  eden space 31744K, 99% used [0x00000000f5580000,0x00000000f747fff0,0x00000000f7480000)
  from space 11776K, 0% used [0x00000000f8000000,0x00000000f8000000,0x00000000f8b80000)
  to   space 11776K, 0% used [0x00000000f7480000,0x00000000f7480000,0x00000000f8000000)
 ParOldGen       total 349696K, used 349695K [0x00000000e0000000, 0x00000000f5580000, 0x00000000f5580000)
  object space 349696K, 99% used [0x00000000e0000000,0x00000000f557fd30,0x00000000f5580000)
 Metaspace       used 56428K, committed 57216K, reserved 1105920K
  class space    used 5507K, committed 5824K, reserved 1048576K
}
Event: 2036.025 GC heap before
{Heap before GC invocations=845 (full 733):
 PSYoungGen      total 43520K, used 31744K [0x00000000f5580000, 0x00000000f8d80000, 0x0000000100000000)
  eden space 31744K, 100% used [0x00000000f5580000,0x00000000f7480000,0x00000000f7480000)
  from space 11776K, 0% used [0x00000000f8000000,0x00000000f8000000,0x00000000f8b80000)
  to   space 11776K, 0% used [0x00000000f7480000,0x00000000f7480000,0x00000000f8000000)
 ParOldGen       total 349696K, used 349695K [0x00000000e0000000, 0x00000000f5580000, 0x00000000f5580000)
  object space 349696K, 99% used [0x00000000e0000000,0x00000000f557fd30,0x00000000f5580000)
 Metaspace       used 56428K, committed 57216K, reserved 1105920K
  class space    used 5507K, committed 5824K, reserved 1048576K
}
Event: 2038.454 GC heap after
{Heap after GC invocations=845 (full 733):
 PSYoungGen      total 43520K, used 31743K [0x00000000f5580000, 0x00000000f8d80000, 0x0000000100000000)
  eden space 31744K, 99% used [0x00000000f5580000,0x00000000f747ffb8,0x00000000f7480000)
  from space 11776K, 0% used [0x00000000f7480000,0x00000000f7480000,0x00000000f8000000)
  to   space 11776K, 0% used [0x00000000f8000000,0x00000000f8000000,0x00000000f8b80000)
 ParOldGen       total 349696K, used 349695K [0x00000000e0000000, 0x00000000f5580000, 0x00000000f5580000)
  object space 349696K, 99% used [0x00000000e0000000,0x00000000f557fd30,0x00000000f5580000)
 Metaspace       used 56428K, committed 57216K, reserved 1105920K
  class space    used 5507K, committed 5824K, reserved 1048576K
}
Event: 2038.454 GC heap before
{Heap before GC invocations=846 (full 734):
 PSYoungGen      total 43520K, used 31744K [0x00000000f5580000, 0x00000000f8d80000, 0x0000000100000000)
  eden space 31744K, 100% used [0x00000000f5580000,0x00000000f7480000,0x00000000f7480000)
  from space 11776K, 0% used [0x00000000f7480000,0x00000000f7480000,0x00000000f8000000)
  to   space 11776K, 0% used [0x00000000f8000000,0x00000000f8000000,0x00000000f8b80000)
 ParOldGen       total 349696K, used 349695K [0x00000000e0000000, 0x00000000f5580000, 0x00000000f5580000)
  object space 349696K, 99% used [0x00000000e0000000,0x00000000f557fd30,0x00000000f5580000)
 Metaspace       used 56428K, committed 57216K, reserved 1105920K
  class space    used 5507K, committed 5824K, reserved 1048576K
}
Event: 2041.023 GC heap after
{Heap after GC invocations=846 (full 734):
 PSYoungGen      total 43520K, used 31743K [0x00000000f5580000, 0x00000000f8d80000, 0x0000000100000000)
  eden space 31744K, 99% used [0x00000000f5580000,0x00000000f747ffd0,0x00000000f7480000)
  from space 11776K, 0% used [0x00000000f8000000,0x00000000f8000000,0x00000000f8b80000)
  to   space 11776K, 0% used [0x00000000f7480000,0x00000000f7480000,0x00000000f8000000)
 ParOldGen       total 349696K, used 349695K [0x00000000e0000000, 0x00000000f5580000, 0x00000000f5580000)
  object space 349696K, 99% used [0x00000000e0000000,0x00000000f557fd30,0x00000000f5580000)
 Metaspace       used 56428K, committed 57216K, reserved 1105920K
  class space    used 5507K, committed 5824K, reserved 1048576K
}
Event: 2041.023 GC heap before
{Heap before GC invocations=847 (full 735):
 PSYoungGen      total 43520K, used 31743K [0x00000000f5580000, 0x00000000f8d80000, 0x0000000100000000)
  eden space 31744K, 99% used [0x00000000f5580000,0x00000000f747fff0,0x00000000f7480000)
  from space 11776K, 0% used [0x00000000f8000000,0x00000000f8000000,0x00000000f8b80000)
  to   space 11776K, 0% used [0x00000000f7480000,0x00000000f7480000,0x00000000f8000000)
 ParOldGen       total 349696K, used 349695K [0x00000000e0000000, 0x00000000f5580000, 0x00000000f5580000)
  object space 349696K, 99% used [0x00000000e0000000,0x00000000f557fd30,0x00000000f5580000)
 Metaspace       used 56428K, committed 57216K, reserved 1105920K
  class space    used 5507K, committed 5824K, reserved 1048576K
}
Event: 2043.602 GC heap after
{Heap after GC invocations=847 (full 735):
 PSYoungGen      total 43520K, used 31743K [0x00000000f5580000, 0x00000000f8d80000, 0x0000000100000000)
  eden space 31744K, 99% used [0x00000000f5580000,0x00000000f747fff0,0x00000000f7480000)
  from space 11776K, 0% used [0x00000000f7480000,0x00000000f7480000,0x00000000f8000000)
  to   space 11776K, 0% used [0x00000000f8000000,0x00000000f8000000,0x00000000f8b80000)
 ParOldGen       total 349696K, used 349695K [0x00000000e0000000, 0x00000000f5580000, 0x00000000f5580000)
  object space 349696K, 99% used [0x00000000e0000000,0x00000000f557fd30,0x00000000f5580000)
 Metaspace       used 56428K, committed 57216K, reserved 1105920K
  class space    used 5507K, committed 5824K, reserved 1048576K
}
Event: 2043.603 GC heap before
{Heap before GC invocations=848 (full 736):
 PSYoungGen      total 43520K, used 31744K [0x00000000f5580000, 0x00000000f8d80000, 0x0000000100000000)
  eden space 31744K, 100% used [0x00000000f5580000,0x00000000f7480000,0x00000000f7480000)
  from space 11776K, 0% used [0x00000000f7480000,0x00000000f7480000,0x00000000f8000000)
  to   space 11776K, 0% used [0x00000000f8000000,0x00000000f8000000,0x00000000f8b80000)
 ParOldGen       total 349696K, used 349695K [0x00000000e0000000, 0x00000000f5580000, 0x00000000f5580000)
  object space 349696K, 99% used [0x00000000e0000000,0x00000000f557fec8,0x00000000f5580000)
 Metaspace       used 56428K, committed 57216K, reserved 1105920K
  class space    used 5507K, committed 5824K, reserved 1048576K
}
Event: 2046.297 GC heap after
{Heap after GC invocations=848 (full 736):
 PSYoungGen      total 43520K, used 31743K [0x00000000f5580000, 0x00000000f8d80000, 0x0000000100000000)
  eden space 31744K, 99% used [0x00000000f5580000,0x00000000f747ff90,0x00000000f7480000)
  from space 11776K, 0% used [0x00000000f8000000,0x00000000f8000000,0x00000000f8b80000)
  to   space 11776K, 0% used [0x00000000f7480000,0x00000000f7480000,0x00000000f8000000)
 ParOldGen       total 349696K, used 349695K [0x00000000e0000000, 0x00000000f5580000, 0x00000000f5580000)
  object space 349696K, 99% used [0x00000000e0000000,0x00000000f557fe98,0x00000000f5580000)
 Metaspace       used 56428K, committed 57216K, reserved 1105920K
  class space    used 5507K, committed 5824K, reserved 1048576K
}
Event: 2046.297 GC heap before
{Heap before GC invocations=849 (full 737):
 PSYoungGen      total 43520K, used 31743K [0x00000000f5580000, 0x00000000f8d80000, 0x0000000100000000)
  eden space 31744K, 99% used [0x00000000f5580000,0x00000000f747ff90,0x00000000f7480000)
  from space 11776K, 0% used [0x00000000f8000000,0x00000000f8000000,0x00000000f8b80000)
  to   space 11776K, 0% used [0x00000000f7480000,0x00000000f7480000,0x00000000f8000000)
 ParOldGen       total 349696K, used 349695K [0x00000000e0000000, 0x00000000f5580000, 0x00000000f5580000)
  object space 349696K, 99% used [0x00000000e0000000,0x00000000f557fe98,0x00000000f5580000)
 Metaspace       used 56428K, committed 57216K, reserved 1105920K
  class space    used 5507K, committed 5824K, reserved 1048576K
}
Event: 2049.014 GC heap after
{Heap after GC invocations=849 (full 737):
 PSYoungGen      total 43520K, used 31743K [0x00000000f5580000, 0x00000000f8d80000, 0x0000000100000000)
  eden space 31744K, 99% used [0x00000000f5580000,0x00000000f747ff90,0x00000000f7480000)
  from space 11776K, 0% used [0x00000000f7480000,0x00000000f7480000,0x00000000f8000000)
  to   space 11776K, 0% used [0x00000000f8000000,0x00000000f8000000,0x00000000f8b80000)
 ParOldGen       total 349696K, used 349695K [0x00000000e0000000, 0x00000000f5580000, 0x00000000f5580000)
  object space 349696K, 99% used [0x00000000e0000000,0x00000000f557fe98,0x00000000f5580000)
 Metaspace       used 56428K, committed 57216K, reserved 1105920K
  class space    used 5507K, committed 5824K, reserved 1048576K
}
Event: 2049.017 GC heap before
{Heap before GC invocations=850 (full 738):
 PSYoungGen      total 43520K, used 31743K [0x00000000f5580000, 0x00000000f8d80000, 0x0000000100000000)
  eden space 31744K, 99% used [0x00000000f5580000,0x00000000f747ff90,0x00000000f7480000)
  from space 11776K, 0% used [0x00000000f7480000,0x00000000f7480000,0x00000000f8000000)
  to   space 11776K, 0% used [0x00000000f8000000,0x00000000f8000000,0x00000000f8b80000)
 ParOldGen       total 349696K, used 349695K [0x00000000e0000000, 0x00000000f5580000, 0x00000000f5580000)
  object space 349696K, 99% used [0x00000000e0000000,0x00000000f557fe98,0x00000000f5580000)
 Metaspace       used 56428K, committed 57216K, reserved 1105920K
  class space    used 5507K, committed 5824K, reserved 1048576K
}
Event: 2051.553 GC heap after
{Heap after GC invocations=850 (full 738):
 PSYoungGen      total 43520K, used 31743K [0x00000000f5580000, 0x00000000f8d80000, 0x0000000100000000)
  eden space 31744K, 99% used [0x00000000f5580000,0x00000000f747ff90,0x00000000f7480000)
  from space 11776K, 0% used [0x00000000f8000000,0x00000000f8000000,0x00000000f8b80000)
  to   space 11776K, 0% used [0x00000000f7480000,0x00000000f7480000,0x00000000f8000000)
 ParOldGen       total 349696K, used 349695K [0x00000000e0000000, 0x00000000f5580000, 0x00000000f5580000)
  object space 349696K, 99% used [0x00000000e0000000,0x00000000f557fe98,0x00000000f5580000)
 Metaspace       used 56428K, committed 57216K, reserved 1105920K
  class space    used 5507K, committed 5824K, reserved 1048576K
}
Event: 2051.553 GC heap before
{Heap before GC invocations=851 (full 739):
 PSYoungGen      total 43520K, used 31743K [0x00000000f5580000, 0x00000000f8d80000, 0x0000000100000000)
  eden space 31744K, 99% used [0x00000000f5580000,0x00000000f747ff90,0x00000000f7480000)
  from space 11776K, 0% used [0x00000000f8000000,0x00000000f8000000,0x00000000f8b80000)
  to   space 11776K, 0% used [0x00000000f7480000,0x00000000f7480000,0x00000000f8000000)
 ParOldGen       total 349696K, used 349695K [0x00000000e0000000, 0x00000000f5580000, 0x00000000f5580000)
  object space 349696K, 99% used [0x00000000e0000000,0x00000000f557fe98,0x00000000f5580000)
 Metaspace       used 56428K, committed 57216K, reserved 1105920K
  class space    used 5507K, committed 5824K, reserved 1048576K
}
Event: 2054.155 GC heap after
{Heap after GC invocations=851 (full 739):
 PSYoungGen      total 43520K, used 31743K [0x00000000f5580000, 0x00000000f8d80000, 0x0000000100000000)
  eden space 31744K, 99% used [0x00000000f5580000,0x00000000f747ff90,0x00000000f7480000)
  from space 11776K, 0% used [0x00000000f7480000,0x00000000f7480000,0x00000000f8000000)
  to   space 11776K, 0% used [0x00000000f8000000,0x00000000f8000000,0x00000000f8b80000)
 ParOldGen       total 349696K, used 349695K [0x00000000e0000000, 0x00000000f5580000, 0x00000000f5580000)
  object space 349696K, 99% used [0x00000000e0000000,0x00000000f557fe98,0x00000000f5580000)
 Metaspace       used 56428K, committed 57216K, reserved 1105920K
  class space    used 5507K, committed 5824K, reserved 1048576K
}

