# JRE version: OpenJDK Runtime Environment GraalVM CE 22.3.0 (17.0.5+8) (build 17.0.5+8-jvmci-22.3-b08)
# Java VM: OpenJDK 64-Bit Server VM GraalVM CE 22.3.0 (17.0.5+8-jvmci-22.3-b08, mixed mode, sharing, tiered, jvmci, jvmci compiler, compressed oops, compressed class ptrs, parallel gc, linux-amd64)
GC Precious Log:
 CPUs: 8 total, 1 available
 Memory: 1024M
 Large Page Support: Disabled
 NUMA Support: Disabled
 Compressed Oops: Enabled (32-bit)
 Alignments: Space 512K, Generation 512K, Heap 2M
 Heap Min Capacity: 100M
 Heap Initial Capacity: 100M
 Heap Max Capacity: 512M
 Pre-touch: Disabled
 Parallel Workers: 1
Heap:
 PSYoungGen      total 52736K, used 26624K [0x00000000f5580000, 0x00000000fa400000, 0x0000000100000000)
  eden space 26624K, 100% used [0x00000000f5580000,0x00000000f6f80000,0x00000000f6f80000)
  from space 26112K, 0% used [0x00000000f8980000,0x00000000f8980000,0x00000000fa300000)
  to   space 13312K, 0% used [0x00000000f6f80000,0x00000000f6f80000,0x00000000f7c80000)
 ParOldGen       total 349696K, used 349694K [0x00000000e0000000, 0x00000000f5580000, 0x00000000f5580000)
  object space 349696K, 99% used [0x00000000e0000000,0x00000000f557f938,0x00000000f5580000)
 Metaspace       used 57824K, committed 58688K, reserved 1105920K
  class space    used 5635K, committed 6016K, reserved 1048576K
GC Heap History (20 events):
Event: 2053.097 GC heap before
{Heap before GC invocations=890 (full 726):
 PSYoungGen      total 52736K, used 26624K [0x00000000f5580000, 0x00000000fa400000, 0x0000000100000000)
  eden space 26624K, 100% used [0x00000000f5580000,0x00000000f6f80000,0x00000000f6f80000)
  from space 26112K, 0% used [0x00000000f8980000,0x00000000f8980000,0x00000000fa300000)
  to   space 13312K, 0% used [0x00000000f6f80000,0x00000000f6f80000,0x00000000f7c80000)
 ParOldGen       total 349696K, used 349688K [0x00000000e0000000, 0x00000000f5580000, 0x00000000f5580000)
  object space 349696K, 99% used [0x00000000e0000000,0x00000000f557e360,0x00000000f5580000)
 Metaspace       used 57821K, committed 58624K, reserved 1105920K
  class space    used 5635K, committed 6016K, reserved 1048576K
}
Event: 2055.370 GC heap after
{Heap after GC invocations=890 (full 726):
 PSYoungGen      total 39936K, used 26624K [0x00000000f5580000, 0x00000000fa400000, 0x0000000100000000)
  eden space 26624K, 100% used [0x00000000f5580000,0x00000000f6f80000,0x00000000f6f80000)
  from space 13312K, 0% used [0x00000000f6f80000,0x00000000f6f80000,0x00000000f7c80000)
  to   space 26112K, 0% used [0x00000000f8980000,0x00000000f8980000,0x00000000fa300000)
 ParOldGen       total 349696K, used 349688K [0x00000000e0000000, 0x00000000f5580000, 0x00000000f5580000)
  object space 349696K, 99% used [0x00000000e0000000,0x00000000f557e360,0x00000000f5580000)
 Metaspace       used 57821K, committed 58624K, reserved 1105920K
  class space    used 5635K, committed 6016K, reserved 1048576K
}
Event: 2055.450 GC heap before
{Heap before GC invocations=891 (full 727):
 PSYoungGen      total 39936K, used 26624K [0x00000000f5580000, 0x00000000fa400000, 0x0000000100000000)
  eden space 26624K, 100% used [0x00000000f5580000,0x00000000f6f80000,0x00000000f6f80000)
  from space 13312K, 0% used [0x00000000f6f80000,0x00000000f6f80000,0x00000000f7c80000)
  to   space 26112K, 0% used [0x00000000f8980000,0x00000000f8980000,0x00000000fa300000)
 ParOldGen       total 349696K, used 349690K [0x00000000e0000000, 0x00000000f5580000, 0x00000000f5580000)
  object space 349696K, 99% used [0x00000000e0000000,0x00000000f557ea70,0x00000000f5580000)
 Metaspace       used 57821K, committed 58624K, reserved 1105920K
  class space    used 5635K, committed 6016K, reserved 1048576K
}
Event: 2060.058 GC heap after
{Heap after GC invocations=891 (full 727):
 PSYoungGen      total 52736K, used 26623K [0x00000000f5580000, 0x00000000fa400000, 0x0000000100000000)
  eden space 26624K, 99% used [0x00000000f5580000,0x00000000f6f7ffe8,0x00000000f6f80000)
  from space 26112K, 0% used [0x00000000f8980000,0x00000000f8980000,0x00000000fa300000)
  to   space 13312K, 0% used [0x00000000f6f80000,0x00000000f6f80000,0x00000000f7c80000)
 ParOldGen       total 349696K, used 349690K [0x00000000e0000000, 0x00000000f5580000, 0x00000000f5580000)
  object space 349696K, 99% used [0x00000000e0000000,0x00000000f557ea08,0x00000000f5580000)
 Metaspace       used 57821K, committed 58624K, reserved 1105920K
  class space    used 5635K, committed 6016K, reserved 1048576K
}
Event: 2060.058 GC heap before
{Heap before GC invocations=892 (full 728):
 PSYoungGen      total 52736K, used 26624K [0x00000000f5580000, 0x00000000fa400000, 0x0000000100000000)
  eden space 26624K, 100% used [0x00000000f5580000,0x00000000f6f80000,0x00000000f6f80000)
  from space 26112K, 0% used [0x00000000f8980000,0x00000000f8980000,0x00000000fa300000)
  to   space 13312K, 0% used [0x00000000f6f80000,0x00000000f6f80000,0x00000000f7c80000)
 ParOldGen       total 349696K, used 349690K [0x00000000e0000000, 0x00000000f5580000, 0x00000000f5580000)
  object space 349696K, 99% used [0x00000000e0000000,0x00000000f557ea08,0x00000000f5580000)
 Metaspace       used 57821K, committed 58624K, reserved 1105920K
  class space    used 5635K, committed 6016K, reserved 1048576K
}
Event: 2062.988 GC heap after
{Heap after GC invocations=892 (full 728):
 PSYoungGen      total 39936K, used 26624K [0x00000000f5580000, 0x00000000fa400000, 0x0000000100000000)
  eden space 26624K, 100% used [0x00000000f5580000,0x00000000f6f80000,0x00000000f6f80000)
  from space 13312K, 0% used [0x00000000f6f80000,0x00000000f6f80000,0x00000000f7c80000)
  to   space 26112K, 0% used [0x00000000f8980000,0x00000000f8980000,0x00000000fa300000)
 ParOldGen       total 349696K, used 349690K [0x00000000e0000000, 0x00000000f5580000, 0x00000000f5580000)
  object space 349696K, 99% used [0x00000000e0000000,0x00000000f557ea08,0x00000000f5580000)
 Metaspace       used 57821K, committed 58624K, reserved 1105920K
  class space    used 5635K, committed 6016K, reserved 1048576K
}
Event: 2062.988 GC heap before
{Heap before GC invocations=893 (full 729):
 PSYoungGen      total 39936K, used 26624K [0x00000000f5580000, 0x00000000fa400000, 0x0000000100000000)
  eden space 26624K, 100% used [0x00000000f5580000,0x00000000f6f80000,0x00000000f6f80000)
  from space 13312K, 0% used [0x00000000f6f80000,0x00000000f6f80000,0x00000000f7c80000)
  to   space 26112K, 0% used [0x00000000f8980000,0x00000000f8980000,0x00000000fa300000)
 ParOldGen       total 349696K, used 349693K [0x00000000e0000000, 0x00000000f5580000, 0x00000000f5580000)
  object space 349696K, 99% used [0x00000000e0000000,0x00000000f557f428,0x00000000f5580000)
 Metaspace       used 57821K, committed 58624K, reserved 1105920K
  class space    used 5635K, committed 6016K, reserved 1048576K
}
Event: 2064.585 GC heap after
{Heap after GC invocations=893 (full 729):
 PSYoungGen      total 52736K, used 26624K [0x00000000f5580000, 0x00000000fa400000, 0x0000000100000000)
  eden space 26624K, 100% used [0x00000000f5580000,0x00000000f6f80000,0x00000000f6f80000)
  from space 26112K, 0% used [0x00000000f8980000,0x00000000f8980000,0x00000000fa300000)
  to   space 13312K, 0% used [0x00000000f6f80000,0x00000000f6f80000,0x00000000f7c80000)
 ParOldGen       total 349696K, used 349690K [0x00000000e0000000, 0x00000000f5580000, 0x00000000f5580000)
  object space 349696K, 99% used [0x00000000e0000000,0x00000000f557eaa8,0x00000000f5580000)
 Metaspace       used 57821K, committed 58624K, reserved 1105920K
  class space    used 5635K, committed 6016K, reserved 1048576K
}
Event: 2064.586 GC heap before
{Heap before GC invocations=894 (full 730):
 PSYoungGen      total 52736K, used 26624K [0x00000000f5580000, 0x00000000fa400000, 0x0000000100000000)
  eden space 26624K, 100% used [0x00000000f5580000,0x00000000f6f80000,0x00000000f6f80000)
  from space 26112K, 0% used [0x00000000f8980000,0x00000000f8980000,0x00000000fa300000)
  to   space 13312K, 0% used [0x00000000f6f80000,0x00000000f6f80000,0x00000000f7c80000)
 ParOldGen       total 349696K, used 349693K [0x00000000e0000000, 0x00000000f5580000, 0x00000000f5580000)
  object space 349696K, 99% used [0x00000000e0000000,0x00000000f557f4c0,0x00000000f5580000)
 Metaspace       used 57824K, committed 58688K, reserved 1105920K
  class space    used 5635K, committed 6016K, reserved 1048576K
}
Event: 2066.210 GC heap after
{Heap after GC invocations=894 (full 730):
 PSYoungGen      total 39936K, used 26624K [0x00000000f5580000, 0x00000000fa400000, 0x0000000100000000)
  eden space 26624K, 100% used [0x00000000f5580000,0x00000000f6f80000,0x00000000f6f80000)
  from space 13312K, 0% used [0x00000000f6f80000,0x00000000f6f80000,0x00000000f7c80000)
  to   space 26112K, 0% used [0x00000000f8980000,0x00000000f8980000,0x00000000fa300000)
 ParOldGen       total 349696K, used 349690K [0x00000000e0000000, 0x00000000f5580000, 0x00000000f5580000)
  object space 349696K, 99% used [0x00000000e0000000,0x00000000f557ea30,0x00000000f5580000)
 Metaspace       used 57824K, committed 58688K, reserved 1105920K
  class space    used 5635K, committed 6016K, reserved 1048576K
}
Event: 2066.253 GC heap before
{Heap before GC invocations=895 (full 731):
 PSYoungGen      total 39936K, used 26624K [0x00000000f5580000, 0x00000000fa400000, 0x0000000100000000)
  eden space 26624K, 100% used [0x00000000f5580000,0x00000000f6f80000,0x00000000f6f80000)
  from space 13312K, 0% used [0x00000000f6f80000,0x00000000f6f80000,0x00000000f7c80000)
  to   space 26112K, 0% used [0x00000000f8980000,0x00000000f8980000,0x00000000fa300000)
 ParOldGen       total 349696K, used 349695K [0x00000000e0000000, 0x00000000f5580000, 0x00000000f5580000)
  object space 349696K, 99% used [0x00000000e0000000,0x00000000f557ffc0,0x00000000f5580000)
 Metaspace       used 57824K, committed 58688K, reserved 1105920K
  class space    used 5635K, committed 6016K, reserved 1048576K
}
Event: 2067.887 GC heap after
{Heap after GC invocations=895 (full 731):
 PSYoungGen      total 52736K, used 26624K [0x00000000f5580000, 0x00000000fa400000, 0x0000000100000000)
  eden space 26624K, 100% used [0x00000000f5580000,0x00000000f6f80000,0x00000000f6f80000)
  from space 26112K, 0% used [0x00000000f8980000,0x00000000f8980000,0x00000000fa300000)
  to   space 13312K, 0% used [0x00000000f6f80000,0x00000000f6f80000,0x00000000f7c80000)
 ParOldGen       total 349696K, used 349693K [0x00000000e0000000, 0x00000000f5580000, 0x00000000f5580000)
  object space 349696K, 99% used [0x00000000e0000000,0x00000000f557f7e8,0x00000000f5580000)
 Metaspace       used 57824K, committed 58688K, reserved 1105920K
  class space    used 5635K, committed 6016K, reserved 1048576K
}
Event: 2067.888 GC heap before
{Heap before GC invocations=896 (full 732):
 PSYoungGen      total 52736K, used 26624K [0x00000000f5580000, 0x00000000fa400000, 0x0000000100000000)
  eden space 26624K, 100% used [0x00000000f5580000,0x00000000f6f80000,0x00000000f6f80000)
  from space 26112K, 0% used [0x00000000f8980000,0x00000000f8980000,0x00000000fa300000)
  to   space 13312K, 0% used [0x00000000f6f80000,0x00000000f6f80000,0x00000000f7c80000)
 ParOldGen       total 349696K, used 349694K [0x00000000e0000000, 0x00000000f5580000, 0x00000000f5580000)
  object space 349696K, 99% used [0x00000000e0000000,0x00000000f557fa68,0x00000000f5580000)
 Metaspace       used 57824K, committed 58688K, reserved 1105920K
  class space    used 5635K, committed 6016K, reserved 1048576K
}
Event: 2069.456 GC heap after
{Heap after GC invocations=896 (full 732):
 PSYoungGen      total 39936K, used 26624K [0x00000000f5580000, 0x00000000fa400000, 0x0000000100000000)
  eden space 26624K, 100% used [0x00000000f5580000,0x00000000f6f80000,0x00000000f6f80000)
  from space 13312K, 0% used [0x00000000f6f80000,0x00000000f6f80000,0x00000000f7c80000)
  to   space 26112K, 0% used [0x00000000f8980000,0x00000000f8980000,0x00000000fa300000)
 ParOldGen       total 349696K, used 349693K [0x00000000e0000000, 0x00000000f5580000, 0x00000000f5580000)
  object space 349696K, 99% used [0x00000000e0000000,0x00000000f557f7e8,0x00000000f5580000)
 Metaspace       used 57824K, committed 58688K, reserved 1105920K
  class space    used 5635K, committed 6016K, reserved 1048576K
}
Event: 2069.456 GC heap before
{Heap before GC invocations=897 (full 733):
 PSYoungGen      total 39936K, used 26624K [0x00000000f5580000, 0x00000000fa400000, 0x0000000100000000)
  eden space 26624K, 100% used [0x00000000f5580000,0x00000000f6f80000,0x00000000f6f80000)
  from space 13312K, 0% used [0x00000000f6f80000,0x00000000f6f80000,0x00000000f7c80000)
  to   space 26112K, 0% used [0x00000000f8980000,0x00000000f8980000,0x00000000fa300000)
 ParOldGen       total 349696K, used 349693K [0x00000000e0000000, 0x00000000f5580000, 0x00000000f5580000)
  object space 349696K, 99% used [0x00000000e0000000,0x00000000f557f7e8,0x00000000f5580000)
 Metaspace       used 57824K, committed 58688K, reserved 1105920K
  class space    used 5635K, committed 6016K, reserved 1048576K
}
Event: 2070.994 GC heap after
{Heap after GC invocations=897 (full 733):
 PSYoungGen      total 52736K, used 26623K [0x00000000f5580000, 0x00000000fa400000, 0x0000000100000000)
  eden space 26624K, 99% used [0x00000000f5580000,0x00000000f6f7ff90,0x00000000f6f80000)
  from space 26112K, 0% used [0x00000000f8980000,0x00000000f8980000,0x00000000fa300000)
  to   space 13312K, 0% used [0x00000000f6f80000,0x00000000f6f80000,0x00000000f7c80000)
 ParOldGen       total 349696K, used 349693K [0x00000000e0000000, 0x00000000f5580000, 0x00000000f5580000)
  object space 349696K, 99% used [0x00000000e0000000,0x00000000f557f590,0x00000000f5580000)
 Metaspace       used 57824K, committed 58688K, reserved 1105920K
  class space    used 5635K, committed 6016K, reserved 1048576K
}
Event: 2070.997 GC heap before
{Heap before GC invocations=898 (full 734):
 PSYoungGen      total 52736K, used 26624K [0x00000000f5580000, 0x00000000fa400000, 0x0000000100000000)
  eden space 26624K, 100% used [0x00000000f5580000,0x00000000f6f80000,0x00000000f6f80000)
  from space 26112K, 0% used [0x00000000f8980000,0x00000000f8980000,0x00000000fa300000)
  to   space 13312K, 0% used [0x00000000f6f80000,0x00000000f6f80000,0x00000000f7c80000)
 ParOldGen       total 349696K, used 349693K [0x00000000e0000000, 0x00000000f5580000, 0x00000000f5580000)
  object space 349696K, 99% used [0x00000000e0000000,0x00000000f557f608,0x00000000f5580000)
 Metaspace       used 57824K, committed 58688K, reserved 1105920K
  class space    used 5635K, committed 6016K, reserved 1048576K
}
Event: 2072.486 GC heap after
{Heap after GC invocations=898 (full 734):
 PSYoungGen      total 39936K, used 26623K [0x00000000f5580000, 0x00000000fa400000, 0x0000000100000000)
  eden space 26624K, 99% used [0x00000000f5580000,0x00000000f6f7ffd8,0x00000000f6f80000)
  from space 13312K, 0% used [0x00000000f6f80000,0x00000000f6f80000,0x00000000f7c80000)
  to   space 26112K, 0% used [0x00000000f8980000,0x00000000f8980000,0x00000000fa300000)
 ParOldGen       total 349696K, used 349693K [0x00000000e0000000, 0x00000000f5580000, 0x00000000f5580000)
  object space 349696K, 99% used [0x00000000e0000000,0x00000000f557f608,0x00000000f5580000)
 Metaspace       used 57824K, committed 58688K, reserved 1105920K
  class space    used 5635K, committed 6016K, reserved 1048576K
}
Event: 2072.486 GC heap before
{Heap before GC invocations=899 (full 735):
 PSYoungGen      total 39936K, used 26623K [0x00000000f5580000, 0x00000000fa400000, 0x0000000100000000)
  eden space 26624K, 99% used [0x00000000f5580000,0x00000000f6f7ffd8,0x00000000f6f80000)
  from space 13312K, 0% used [0x00000000f6f80000,0x00000000f6f80000,0x00000000f7c80000)
  to   space 26112K, 0% used [0x00000000f8980000,0x00000000f8980000,0x00000000fa300000)
 ParOldGen       total 349696K, used 349693K [0x00000000e0000000, 0x00000000f5580000, 0x00000000f5580000)
  object space 349696K, 99% used [0x00000000e0000000,0x00000000f557f608,0x00000000f5580000)
 Metaspace       used 57824K, committed 58688K, reserved 1105920K
  class space    used 5635K, committed 6016K, reserved 1048576K
}
Event: 2074.056 GC heap after
{Heap after GC invocations=899 (full 735):
 PSYoungGen      total 52736K, used 26623K [0x00000000f5580000, 0x00000000fa400000, 0x0000000100000000)
  eden space 26624K, 99% used [0x00000000f5580000,0x00000000f6f7ffd8,0x00000000f6f80000)
  from space 26112K, 0% used [0x00000000f8980000,0x00000000f8980000,0x00000000fa300000)
  to   space 13312K, 0% used [0x00000000f6f80000,0x00000000f6f80000,0x00000000f7c80000)
 ParOldGen       total 349696K, used 349693K [0x00000000e0000000, 0x00000000f5580000, 0x00000000f5580000)
  object space 349696K, 99% used [0x00000000e0000000,0x00000000f557f608,0x00000000f5580000)
 Metaspace       used 57824K, committed 58688K, reserved 1105920K
  class space    used 5635K, committed 6016K, reserved 1048576K
}

