# JRE version: OpenJDK Runtime Environment GraalVM CE 22.3.0 (17.0.5+8) (build 17.0.5+8-jvmci-22.3-b08)
# Java VM: OpenJDK 64-Bit Server VM GraalVM CE 22.3.0 (17.0.5+8-jvmci-22.3-b08, mixed mode, sharing, tiered, jvmci, jvmci compiler, compressed oops, compressed class ptrs, parallel gc, linux-amd64)
GC Precious Log:
 CPUs: 8 total, 1 available
 Memory: 1024M
 Large Page Support: Disabled
 NUMA Support: Disabled
 Compressed Oops: Enabled (32-bit)
 Alignments: Space 512K, Generation 512K, Heap 2M
 Heap Min Capacity: 100M
 Heap Initial Capacity: 100M
 Heap Max Capacity: 512M
 Pre-touch: Disabled
 Parallel Workers: 1
Heap:
 PSYoungGen      total 52736K, used 36351K [0x00000000f5580000, 0x00000000f9d00000, 0x0000000100000000)
  eden space 36352K, 99% used [0x00000000f5580000,0x00000000f78ffff0,0x00000000f7900000)
  from space 16384K, 0% used [0x00000000f8d00000,0x00000000f8d00000,0x00000000f9d00000)
  to   space 17408K, 0% used [0x00000000f7900000,0x00000000f7900000,0x00000000f8a00000)
 ParOldGen       total 349696K, used 349695K [0x00000000e0000000, 0x00000000f5580000, 0x00000000f5580000)
  object space 349696K, 99% used [0x00000000e0000000,0x00000000f557fd78,0x00000000f5580000)
 Metaspace       used 59149K, committed 59968K, reserved 1105920K
  class space    used 5646K, committed 6016K, reserved 1048576K
GC Heap History (20 events):
Event: 1969.150 GC heap before
{Heap before GC invocations=891 (full 787):
 PSYoungGen      total 52736K, used 36351K [0x00000000f5580000, 0x00000000f9d00000, 0x0000000100000000)
  eden space 36352K, 99% used [0x00000000f5580000,0x00000000f78fffe0,0x00000000f7900000)
  from space 16384K, 0% used [0x00000000f8d00000,0x00000000f8d00000,0x00000000f9d00000)
  to   space 17408K, 0% used [0x00000000f7900000,0x00000000f7900000,0x00000000f8a00000)
 ParOldGen       total 349696K, used 349695K [0x00000000e0000000, 0x00000000f5580000, 0x00000000f5580000)
  object space 349696K, 99% used [0x00000000e0000000,0x00000000f557ff20,0x00000000f5580000)
 Metaspace       used 59149K, committed 59968K, reserved 1105920K
  class space    used 5646K, committed 6016K, reserved 1048576K
}
Event: 1971.371 GC heap after
{Heap after GC invocations=891 (full 787):
 PSYoungGen      total 53760K, used 36351K [0x00000000f5580000, 0x00000000f9d00000, 0x0000000100000000)
  eden space 36352K, 99% used [0x00000000f5580000,0x00000000f78fffb0,0x00000000f7900000)
  from space 17408K, 0% used [0x00000000f7900000,0x00000000f7900000,0x00000000f8a00000)
  to   space 16384K, 0% used [0x00000000f8d00000,0x00000000f8d00000,0x00000000f9d00000)
 ParOldGen       total 349696K, used 349695K [0x00000000e0000000, 0x00000000f5580000, 0x00000000f5580000)
  object space 349696K, 99% used [0x00000000e0000000,0x00000000f557fef0,0x00000000f5580000)
 Metaspace       used 59149K, committed 59968K, reserved 1105920K
  class space    used 5646K, committed 6016K, reserved 1048576K
}
Event: 1971.375 GC heap before
{Heap before GC invocations=892 (full 788):
 PSYoungGen      total 53760K, used 36352K [0x00000000f5580000, 0x00000000f9d00000, 0x0000000100000000)
  eden space 36352K, 100% used [0x00000000f5580000,0x00000000f7900000,0x00000000f7900000)
  from space 17408K, 0% used [0x00000000f7900000,0x00000000f7900000,0x00000000f8a00000)
  to   space 16384K, 0% used [0x00000000f8d00000,0x00000000f8d00000,0x00000000f9d00000)
 ParOldGen       total 349696K, used 349695K [0x00000000e0000000, 0x00000000f5580000, 0x00000000f5580000)
  object space 349696K, 99% used [0x00000000e0000000,0x00000000f557fef0,0x00000000f5580000)
 Metaspace       used 59149K, committed 59968K, reserved 1105920K
  class space    used 5646K, committed 6016K, reserved 1048576K
}
Event: 1973.596 GC heap after
{Heap after GC invocations=892 (full 788):
 PSYoungGen      total 52736K, used 36351K [0x00000000f5580000, 0x00000000f9d00000, 0x0000000100000000)
  eden space 36352K, 99% used [0x00000000f5580000,0x00000000f78fffe8,0x00000000f7900000)
  from space 16384K, 0% used [0x00000000f8d00000,0x00000000f8d00000,0x00000000f9d00000)
  to   space 17408K, 0% used [0x00000000f7900000,0x00000000f7900000,0x00000000f8a00000)
 ParOldGen       total 349696K, used 349695K [0x00000000e0000000, 0x00000000f5580000, 0x00000000f5580000)
  object space 349696K, 99% used [0x00000000e0000000,0x00000000f557fed0,0x00000000f5580000)
 Metaspace       used 59149K, committed 59968K, reserved 1105920K
  class space    used 5646K, committed 6016K, reserved 1048576K
}
Event: 1973.597 GC heap before
{Heap before GC invocations=893 (full 789):
 PSYoungGen      total 52736K, used 36352K [0x00000000f5580000, 0x00000000f9d00000, 0x0000000100000000)
  eden space 36352K, 100% used [0x00000000f5580000,0x00000000f7900000,0x00000000f7900000)
  from space 16384K, 0% used [0x00000000f8d00000,0x00000000f8d00000,0x00000000f9d00000)
  to   space 17408K, 0% used [0x00000000f7900000,0x00000000f7900000,0x00000000f8a00000)
 ParOldGen       total 349696K, used 349695K [0x00000000e0000000, 0x00000000f5580000, 0x00000000f5580000)
  object space 349696K, 99% used [0x00000000e0000000,0x00000000f557fed0,0x00000000f5580000)
 Metaspace       used 59149K, committed 59968K, reserved 1105920K
  class space    used 5646K, committed 6016K, reserved 1048576K
}
Event: 1975.541 GC heap after
{Heap after GC invocations=893 (full 789):
 PSYoungGen      total 53760K, used 36352K [0x00000000f5580000, 0x00000000f9d00000, 0x0000000100000000)
  eden space 36352K, 100% used [0x00000000f5580000,0x00000000f7900000,0x00000000f7900000)
  from space 17408K, 0% used [0x00000000f7900000,0x00000000f7900000,0x00000000f8a00000)
  to   space 16384K, 0% used [0x00000000f8d00000,0x00000000f8d00000,0x00000000f9d00000)
 ParOldGen       total 349696K, used 349695K [0x00000000e0000000, 0x00000000f5580000, 0x00000000f5580000)
  object space 349696K, 99% used [0x00000000e0000000,0x00000000f557fed0,0x00000000f5580000)
 Metaspace       used 59149K, committed 59968K, reserved 1105920K
  class space    used 5646K, committed 6016K, reserved 1048576K
}
Event: 1975.541 GC heap before
{Heap before GC invocations=894 (full 790):
 PSYoungGen      total 53760K, used 36352K [0x00000000f5580000, 0x00000000f9d00000, 0x0000000100000000)
  eden space 36352K, 100% used [0x00000000f5580000,0x00000000f7900000,0x00000000f7900000)
  from space 17408K, 0% used [0x00000000f7900000,0x00000000f7900000,0x00000000f8a00000)
  to   space 16384K, 0% used [0x00000000f8d00000,0x00000000f8d00000,0x00000000f9d00000)
 ParOldGen       total 349696K, used 349695K [0x00000000e0000000, 0x00000000f5580000, 0x00000000f5580000)
  object space 349696K, 99% used [0x00000000e0000000,0x00000000f557fff8,0x00000000f5580000)
 Metaspace       used 59149K, committed 59968K, reserved 1105920K
  class space    used 5646K, committed 6016K, reserved 1048576K
}
Event: 1977.615 GC heap after
{Heap after GC invocations=894 (full 790):
 PSYoungGen      total 52736K, used 36352K [0x00000000f5580000, 0x00000000f9d00000, 0x0000000100000000)
  eden space 36352K, 100% used [0x00000000f5580000,0x00000000f7900000,0x00000000f7900000)
  from space 16384K, 0% used [0x00000000f8d00000,0x00000000f8d00000,0x00000000f9d00000)
  to   space 17408K, 0% used [0x00000000f7900000,0x00000000f7900000,0x00000000f8a00000)
 ParOldGen       total 349696K, used 349695K [0x00000000e0000000, 0x00000000f5580000, 0x00000000f5580000)
  object space 349696K, 99% used [0x00000000e0000000,0x00000000f557ff00,0x00000000f5580000)
 Metaspace       used 59149K, committed 59968K, reserved 1105920K
  class space    used 5646K, committed 6016K, reserved 1048576K
}
Event: 1977.616 GC heap before
{Heap before GC invocations=895 (full 791):
 PSYoungGen      total 52736K, used 36352K [0x00000000f5580000, 0x00000000f9d00000, 0x0000000100000000)
  eden space 36352K, 100% used [0x00000000f5580000,0x00000000f7900000,0x00000000f7900000)
  from space 16384K, 0% used [0x00000000f8d00000,0x00000000f8d00000,0x00000000f9d00000)
  to   space 17408K, 0% used [0x00000000f7900000,0x00000000f7900000,0x00000000f8a00000)
 ParOldGen       total 349696K, used 349696K [0x00000000e0000000, 0x00000000f5580000, 0x00000000f5580000)
  object space 349696K, 100% used [0x00000000e0000000,0x00000000f5580000,0x00000000f5580000)
 Metaspace       used 59149K, committed 59968K, reserved 1105920K
  class space    used 5646K, committed 6016K, reserved 1048576K
}
Event: 1979.918 GC heap after
{Heap after GC invocations=895 (full 791):
 PSYoungGen      total 53760K, used 36352K [0x00000000f5580000, 0x00000000f9d00000, 0x0000000100000000)
  eden space 36352K, 100% used [0x00000000f5580000,0x00000000f7900000,0x00000000f7900000)
  from space 17408K, 0% used [0x00000000f7900000,0x00000000f7900000,0x00000000f8a00000)
  to   space 16384K, 0% used [0x00000000f8d00000,0x00000000f8d00000,0x00000000f9d00000)
 ParOldGen       total 349696K, used 349695K [0x00000000e0000000, 0x00000000f5580000, 0x00000000f5580000)
  object space 349696K, 99% used [0x00000000e0000000,0x00000000f557ff00,0x00000000f5580000)
 Metaspace       used 59149K, committed 59968K, reserved 1105920K
  class space    used 5646K, committed 6016K, reserved 1048576K
}
Event: 1979.918 GC heap before
{Heap before GC invocations=896 (full 792):
 PSYoungGen      total 53760K, used 36352K [0x00000000f5580000, 0x00000000f9d00000, 0x0000000100000000)
  eden space 36352K, 100% used [0x00000000f5580000,0x00000000f7900000,0x00000000f7900000)
  from space 17408K, 0% used [0x00000000f7900000,0x00000000f7900000,0x00000000f8a00000)
  to   space 16384K, 0% used [0x00000000f8d00000,0x00000000f8d00000,0x00000000f9d00000)
 ParOldGen       total 349696K, used 349696K [0x00000000e0000000, 0x00000000f5580000, 0x00000000f5580000)
  object space 349696K, 100% used [0x00000000e0000000,0x00000000f5580000,0x00000000f5580000)
 Metaspace       used 59149K, committed 59968K, reserved 1105920K
  class space    used 5646K, committed 6016K, reserved 1048576K
}
Event: 1982.222 GC heap after
{Heap after GC invocations=896 (full 792):
 PSYoungGen      total 52736K, used 36352K [0x00000000f5580000, 0x00000000f9d00000, 0x0000000100000000)
  eden space 36352K, 100% used [0x00000000f5580000,0x00000000f7900000,0x00000000f7900000)
  from space 16384K, 0% used [0x00000000f8d00000,0x00000000f8d00000,0x00000000f9d00000)
  to   space 17408K, 0% used [0x00000000f7900000,0x00000000f7900000,0x00000000f8a00000)
 ParOldGen       total 349696K, used 349695K [0x00000000e0000000, 0x00000000f5580000, 0x00000000f5580000)
  object space 349696K, 99% used [0x00000000e0000000,0x00000000f557ff00,0x00000000f5580000)
 Metaspace       used 59149K, committed 59968K, reserved 1105920K
  class space    used 5646K, committed 6016K, reserved 1048576K
}
Event: 1982.222 GC heap before
{Heap before GC invocations=897 (full 793):
 PSYoungGen      total 52736K, used 36352K [0x00000000f5580000, 0x00000000f9d00000, 0x0000000100000000)
  eden space 36352K, 100% used [0x00000000f5580000,0x00000000f7900000,0x00000000f7900000)
  from space 16384K, 0% used [0x00000000f8d00000,0x00000000f8d00000,0x00000000f9d00000)
  to   space 17408K, 0% used [0x00000000f7900000,0x00000000f7900000,0x00000000f8a00000)
 ParOldGen       total 349696K, used 349695K [0x00000000e0000000, 0x00000000f5580000, 0x00000000f5580000)
  object space 349696K, 99% used [0x00000000e0000000,0x00000000f557ff98,0x00000000f5580000)
 Metaspace       used 59149K, committed 59968K, reserved 1105920K
  class space    used 5646K, committed 6016K, reserved 1048576K
}
Event: 1984.458 GC heap after
{Heap after GC invocations=897 (full 793):
 PSYoungGen      total 53760K, used 36351K [0x00000000f5580000, 0x00000000f9d00000, 0x0000000100000000)
  eden space 36352K, 99% used [0x00000000f5580000,0x00000000f78fffe0,0x00000000f7900000)
  from space 17408K, 0% used [0x00000000f7900000,0x00000000f7900000,0x00000000f8a00000)
  to   space 16384K, 0% used [0x00000000f8d00000,0x00000000f8d00000,0x00000000f9d00000)
 ParOldGen       total 349696K, used 349695K [0x00000000e0000000, 0x00000000f5580000, 0x00000000f5580000)
  object space 349696K, 99% used [0x00000000e0000000,0x00000000f557ff18,0x00000000f5580000)
 Metaspace       used 59149K, committed 59968K, reserved 1105920K
  class space    used 5646K, committed 6016K, reserved 1048576K
}
Event: 1984.458 GC heap before
{Heap before GC invocations=898 (full 794):
 PSYoungGen      total 53760K, used 36351K [0x00000000f5580000, 0x00000000f9d00000, 0x0000000100000000)
  eden space 36352K, 99% used [0x00000000f5580000,0x00000000f78fffe0,0x00000000f7900000)
  from space 17408K, 0% used [0x00000000f7900000,0x00000000f7900000,0x00000000f8a00000)
  to   space 16384K, 0% used [0x00000000f8d00000,0x00000000f8d00000,0x00000000f9d00000)
 ParOldGen       total 349696K, used 349695K [0x00000000e0000000, 0x00000000f5580000, 0x00000000f5580000)
  object space 349696K, 99% used [0x00000000e0000000,0x00000000f557ff18,0x00000000f5580000)
 Metaspace       used 59149K, committed 59968K, reserved 1105920K
  class space    used 5646K, committed 6016K, reserved 1048576K
}
Event: 1986.900 GC heap after
{Heap after GC invocations=898 (full 794):
 PSYoungGen      total 52736K, used 36351K [0x00000000f5580000, 0x00000000f9d00000, 0x0000000100000000)
  eden space 36352K, 99% used [0x00000000f5580000,0x00000000f78fffe0,0x00000000f7900000)
  from space 16384K, 0% used [0x00000000f8d00000,0x00000000f8d00000,0x00000000f9d00000)
  to   space 17408K, 0% used [0x00000000f7900000,0x00000000f7900000,0x00000000f8a00000)
 ParOldGen       total 349696K, used 349695K [0x00000000e0000000, 0x00000000f5580000, 0x00000000f5580000)
  object space 349696K, 99% used [0x00000000e0000000,0x00000000f557ff18,0x00000000f5580000)
 Metaspace       used 59149K, committed 59968K, reserved 1105920K
  class space    used 5646K, committed 6016K, reserved 1048576K
}
Event: 1986.902 GC heap before
{Heap before GC invocations=899 (full 795):
 PSYoungGen      total 52736K, used 36351K [0x00000000f5580000, 0x00000000f9d00000, 0x0000000100000000)
  eden space 36352K, 99% used [0x00000000f5580000,0x00000000f78ffff8,0x00000000f7900000)
  from space 16384K, 0% used [0x00000000f8d00000,0x00000000f8d00000,0x00000000f9d00000)
  to   space 17408K, 0% used [0x00000000f7900000,0x00000000f7900000,0x00000000f8a00000)
 ParOldGen       total 349696K, used 349695K [0x00000000e0000000, 0x00000000f5580000, 0x00000000f5580000)
  object space 349696K, 99% used [0x00000000e0000000,0x00000000f557ff48,0x00000000f5580000)
 Metaspace       used 59149K, committed 59968K, reserved 1105920K
  class space    used 5646K, committed 6016K, reserved 1048576K
}
Event: 1989.469 GC heap after
{Heap after GC invocations=899 (full 795):
 PSYoungGen      total 53760K, used 36351K [0x00000000f5580000, 0x00000000f9d00000, 0x0000000100000000)
  eden space 36352K, 99% used [0x00000000f5580000,0x00000000f78ffff8,0x00000000f7900000)
  from space 17408K, 0% used [0x00000000f7900000,0x00000000f7900000,0x00000000f8a00000)
  to   space 16384K, 0% used [0x00000000f8d00000,0x00000000f8d00000,0x00000000f9d00000)
 ParOldGen       total 349696K, used 349695K [0x00000000e0000000, 0x00000000f5580000, 0x00000000f5580000)
  object space 349696K, 99% used [0x00000000e0000000,0x00000000f557fc08,0x00000000f5580000)
 Metaspace       used 59149K, committed 59968K, reserved 1105920K
  class space    used 5646K, committed 6016K, reserved 1048576K
}
Event: 1989.474 GC heap before
{Heap before GC invocations=900 (full 796):
 PSYoungGen      total 53760K, used 36351K [0x00000000f5580000, 0x00000000f9d00000, 0x0000000100000000)
  eden space 36352K, 99% used [0x00000000f5580000,0x00000000f78ffff8,0x00000000f7900000)
  from space 17408K, 0% used [0x00000000f7900000,0x00000000f7900000,0x00000000f8a00000)
  to   space 16384K, 0% used [0x00000000f8d00000,0x00000000f8d00000,0x00000000f9d00000)
 ParOldGen       total 349696K, used 349695K [0x00000000e0000000, 0x00000000f5580000, 0x00000000f5580000)
  object space 349696K, 99% used [0x00000000e0000000,0x00000000f557fd78,0x00000000f5580000)
 Metaspace       used 59149K, committed 59968K, reserved 1105920K
  class space    used 5646K, committed 6016K, reserved 1048576K
}
Event: 1991.605 GC heap after
{Heap after GC invocations=900 (full 796):
 PSYoungGen      total 52736K, used 36351K [0x00000000f5580000, 0x00000000f9d00000, 0x0000000100000000)
  eden space 36352K, 99% used [0x00000000f5580000,0x00000000f78fff90,0x00000000f7900000)
  from space 16384K, 0% used [0x00000000f8d00000,0x00000000f8d00000,0x00000000f9d00000)
  to   space 17408K, 0% used [0x00000000f7900000,0x00000000f7900000,0x00000000f8a00000)
 ParOldGen       total 349696K, used 349695K [0x00000000e0000000, 0x00000000f5580000, 0x00000000f5580000)
  object space 349696K, 99% used [0x00000000e0000000,0x00000000f557fd78,0x00000000f5580000)
 Metaspace       used 59149K, committed 59968K, reserved 1105920K
  class space    used 5646K, committed 6016K, reserved 1048576K
}

